<?xml version="1.0" encoding="UTF-8"?>
<testng-results ignored="0" total="1" passed="1" failed="0" skipped="0">
  <reporter-output>
  </reporter-output>
  <suite started-at="2024-09-19T22:20:44 IST" name="Suite" finished-at="2024-09-19T22:20:48 IST" duration-ms="3835">
    <groups>
      <group name="regression">
        <method signature="TC002_LoginTest.testLogin()[pri:0, instance:testCases.TC002_LoginTest@2e48362c]" name="testLogin" class="testCases.TC002_LoginTest"/>
      </group> <!-- regression -->
      <group name="master">
        <method signature="TC002_LoginTest.testLogin()[pri:0, instance:testCases.TC002_LoginTest@2e48362c]" name="testLogin" class="testCases.TC002_LoginTest"/>
      </group> <!-- master -->
    </groups>
    <test started-at="2024-09-19T22:20:44 IST" name="Test" finished-at="2024-09-19T22:20:48 IST" duration-ms="3835">
      <class name="testCases.TC002_LoginTest">
        <test-method is-config="true" signature="setUp(java.lang.String,java.lang.String)[pri:0, instance:testCases.TC002_LoginTest@2e48362c]" started-at="2024-09-19T22:20:45 IST" name="setUp" finished-at="2024-09-19T22:20:47 IST" duration-ms="2088" status="PASS">
          <params>
            <param index="0">
              <value>
                <![CDATA[Windows]]>
              </value>
            </param>
            <param index="1">
              <value>
                <![CDATA[chrome]]>
              </value>
            </param>
          </params>
          <reporter-output>
          </reporter-output>
        </test-method> <!-- setUp -->
        <test-method signature="testLogin()[pri:0, instance:testCases.TC002_LoginTest@2e48362c]" started-at="2024-09-19T22:20:47 IST" name="testLogin" finished-at="2024-09-19T22:20:48 IST" duration-ms="1395" status="PASS">
          <reporter-output>
          </reporter-output>
        </test-method> <!-- testLogin -->
        <test-method is-config="true" signature="tearDown()[pri:0, instance:testCases.TC002_LoginTest@2e48362c]" started-at="2024-09-19T22:20:48 IST" name="tearDown" finished-at="2024-09-19T22:20:48 IST" duration-ms="183" status="PASS">
          <reporter-output>
          </reporter-output>
        </test-method> <!-- tearDown -->
      </class> <!-- testCases.TC002_LoginTest -->
    </test> <!-- Test -->
  </suite> <!-- Suite -->
</testng-results>
